Using pre-set license
Built from '2020.2/staging' branch; Version is '2020.2.3f1 (8ff31bc5bf5b) revision 9433883'; Using compiler version '192528614'; Build Type 'Release'
OS: 'Windows 10 Home; OS build 18363.1316; Version 1909; 64bit' Language: 'en' Physical Memory: 16262 MB
BatchMode: 1, IsHumanControllingUs: 0, StartBugReporterOnCrash: 0, Is64bit: 1, IsPro: 0

 COMMAND LINE ARGUMENTS:
C:\Program Files\Unity\Hub\Editor\2020.2.3f1\Editor\Unity.exe
-adb2
-batchMode
-noUpm
-name
AssetImportWorker0
-projectPath
F:/DET 360 AR-VR Development/VR Escape Room/VR Escape Room
-logFile
Logs/AssetImportWorker0.log
-srvPort
53392
Successfully changed project path to: F:/DET 360 AR-VR Development/VR Escape Room/VR Escape Room
F:/DET 360 AR-VR Development/VR Escape Room/VR Escape Room
Using Asset Import Pipeline V2.
Refreshing native plugins compatible for Editor in 117.90 ms, found 3 plugins.
Preloading 1 native plugins for Editor in 2.11 ms.
Initialize engine version: 2020.2.3f1 (8ff31bc5bf5b)
[Subsystems] Discovering subsystems at path C:/Program Files/Unity/Hub/Editor/2020.2.3f1/Editor/Data/Resources/UnitySubsystems
[Subsystems] Discovering subsystems at path F:/DET 360 AR-VR Development/VR Escape Room/VR Escape Room/Assets
GfxDevice: creating device client; threaded=0
Direct3D:
    Version:  Direct3D 11.0 [level 11.1]
    Renderer: NVIDIA GeForce GTX 1060 (ID=0x1c20)
    Vendor:   
    VRAM:     6052 MB
    Driver:   27.21.14.6079
Shader 'Universal Render Pipeline/Particles/Lit': fallback shader 'Universal Render Pipeline/Particles/SimpleLit' not found
Initialize mono
Mono path[0] = 'C:/Program Files/Unity/Hub/Editor/2020.2.3f1/Editor/Data/Managed'
Mono path[1] = 'C:/Program Files/Unity/Hub/Editor/2020.2.3f1/Editor/Data/MonoBleedingEdge/lib/mono/unityjit'
Mono config path = 'C:/Program Files/Unity/Hub/Editor/2020.2.3f1/Editor/Data/MonoBleedingEdge/etc'
Using monoOptions --debugger-agent=transport=dt_socket,embedding=1,server=y,suspend=n,address=127.0.0.1:56780
Begin MonoManager ReloadAssembly
Registering precompiled unity dll's ...
Register platform support module: C:/Program Files/Unity/Hub/Editor/2020.2.3f1/Editor/Data/PlaybackEngines/WindowsStandaloneSupport/UnityEditor.WindowsStandalone.Extensions.dll
Registered in 0.002779 seconds.
Native extension for WindowsStandalone target not found
Refreshing native plugins compatible for Editor in 87.43 ms, found 3 plugins.
Preloading 1 native plugins for Editor in 0.07 ms.
Invoked RoslynAnalysisRunner static constructor.
RoslynAnalysisRunner will not be running.
RoslynAnalysisRunner has terminated.
Mono: successfully reloaded assembly
- Completed reload, in  1.621 seconds
Platform modules already initialized, skipping
Registering precompiled user dll's ...
Registered in 0.003516 seconds.
Begin MonoManager ReloadAssembly
Native extension for WindowsStandalone target not found
Refreshing native plugins compatible for Editor in 86.77 ms, found 3 plugins.
Preloading 1 native plugins for Editor in 0.10 ms.
Invoked RoslynAnalysisRunner static constructor.
RoslynAnalysisRunner will not be running.
RoslynAnalysisRunner has terminated.
[XR] OculusXRPlugin: registering subsystems
[XR] Unable to register display lifecyle provider: [1]
[XR] Oculus Input lifecycle provider registered.
[XR] Unable to register input lifecyle provider: [1]
NullReferenceException: Object reference not set to an instance of an object
  at Unity.XR.Oculus.OculusLoader.AssetPathToAbsolutePath (System.String assetPath) [0x00048] in C:\Users\wvher\AppData\Local\Temp\2f6c74fef69cc924b8d65aca5762d706\Library\PackageCache\com.unity.xr.oculus@1.6.1\Runtime\OculusLoader.cs:242 
  at Unity.XR.Oculus.OculusLoader.EditorLoadOVRPlugin () [0x0007b] in C:\Users\wvher\AppData\Local\Temp\2f6c74fef69cc924b8d65aca5762d706\Library\PackageCache\com.unity.xr.oculus@1.6.1\Runtime\OculusLoader.cs:227 

(Filename: C:/Users/wvher/AppData/Local/Temp/2f6c74fef69cc924b8d65aca5762d706/Library/PackageCache/com.unity.xr.oculus@1.6.1/Runtime/OculusLoader.cs Line: 242)

Mono: successfully reloaded assembly
- Completed reload, in  1.612 seconds
Platform modules already initialized, skipping
========================================================================
Worker process is ready to serve import requests
Shader 'Universal Render Pipeline/Particles/Lit': fallback shader 'Universal Render Pipeline/Particles/SimpleLit' not found
Launched and connected shader compiler UnityShaderCompiler.exe after 0.11 seconds
Refreshing native plugins compatible for Editor in 2.01 ms, found 3 plugins.
Preloading 1 native plugins for Editor in 0.16 ms.
Unloading 3154 Unused Serialized files (Serialized files now loaded: 0)
System memory in use before: 136.6 MB.
System memory in use after: 136.8 MB.

Unloading 12 unused Assets to reduce memory usage. Loaded Objects now: 3596.
Total: 3.471500 ms (FindLiveObjects: 0.440000 ms CreateObjectMapping: 0.242600 ms MarkObjects: 2.684800 ms  DeleteObjects: 0.102200 ms)

========================================================================
Received Import Request.
  path: Assets/VR Beginner
  artifactKey: Guid(bf90c63b4b31b0540909a010025777b7) Importer(815301076,1909f56bfc062723c751e8b465ee728b)
Start importing Assets/VR Beginner using Guid(bf90c63b4b31b0540909a010025777b7) Importer(815301076,1909f56bfc062723c751e8b465ee728b)  -> (artifact id: '034edff14209a4ff86fa62f645f7cc73') in 0.106050 seconds
  Import took 0.147593 seconds .

========================================================================
Received Import Request.
  Time since last request: 21.048225 seconds.
  path: Assets/VR Beginner/Scenes
  artifactKey: Guid(2b0e93446796ee64f93364ebe6c513e0) Importer(815301076,1909f56bfc062723c751e8b465ee728b)
Start importing Assets/VR Beginner/Scenes using Guid(2b0e93446796ee64f93364ebe6c513e0) Importer(815301076,1909f56bfc062723c751e8b465ee728b)  -> (artifact id: 'a071c87614c761d5d3404494491d97dd') in 0.151229 seconds
  Import took 0.197790 seconds .

========================================================================
Received Import Request.
  Time since last request: 49.709821 seconds.
  path: Assets/VR Beginner/Scenes/Templates
  artifactKey: Guid(f9de34544b686d54cbd7a5d655016670) Importer(815301076,1909f56bfc062723c751e8b465ee728b)
Start importing Assets/VR Beginner/Scenes/Templates using Guid(f9de34544b686d54cbd7a5d655016670) Importer(815301076,1909f56bfc062723c751e8b465ee728b)  -> (artifact id: 'e9eda5d195270160d5b933d62c952af2') in 0.128273 seconds
  Import took 0.206970 seconds .

========================================================================
Received Import Request.
  Time since last request: 5.703428 seconds.
  path: Assets/VR Beginner/Scenes/Templates/EmptyPrototypeScene.unity
  artifactKey: Guid(edb896499a74f8d43943294fc4458ae2) Importer(815301076,1909f56bfc062723c751e8b465ee728b)
Start importing Assets/VR Beginner/Scenes/Templates/EmptyPrototypeScene.unity using Guid(edb896499a74f8d43943294fc4458ae2) Importer(815301076,1909f56bfc062723c751e8b465ee728b)  -> (artifact id: 'a1bd7698078b553e9fcbe3b19fb3357c') in 0.033418 seconds
  Import took 0.143127 seconds .

========================================================================
Received Import Request.
  Time since last request: 18.931618 seconds.
  path: Assets/VR Beginner/Scenes/Final
  artifactKey: Guid(0e9c7d18fdd7bcb4fa36ba584c641b20) Importer(815301076,1909f56bfc062723c751e8b465ee728b)
Start importing Assets/VR Beginner/Scenes/Final using Guid(0e9c7d18fdd7bcb4fa36ba584c641b20) Importer(815301076,1909f56bfc062723c751e8b465ee728b)  -> (artifact id: 'c743d6e373b49ee5a9275f8b538d608f') in 0.100619 seconds
  Import took 0.140463 seconds .

========================================================================
Received Import Request.
  Time since last request: 4.670587 seconds.
  path: Assets/VR Beginner/Scenes/Final/PrototypeScene.unity
  artifactKey: Guid(5ff136f1bfd1b4f439ebe94b8ca30146) Importer(815301076,1909f56bfc062723c751e8b465ee728b)
Start importing Assets/VR Beginner/Scenes/Final/PrototypeScene.unity using Guid(5ff136f1bfd1b4f439ebe94b8ca30146) Importer(815301076,1909f56bfc062723c751e8b465ee728b)  -> (artifact id: 'c74a58a0efae7904c1ea4c5d4cb96ed3') in 0.011536 seconds
  Import took 0.019024 seconds .

========================================================================
Received Prepare
Registering precompiled user dll's ...
Registered in 0.061779 seconds.
Begin MonoManager ReloadAssembly
Native extension for WindowsStandalone target not found
Refreshing native plugins compatible for Editor in 0.92 ms, found 3 plugins.
Preloading 1 native plugins for Editor in 0.09 ms.
Invoked RoslynAnalysisRunner static constructor.
RoslynAnalysisRunner will not be running.
RoslynAnalysisRunner has terminated.
NullReferenceException: Object reference not set to an instance of an object
  at Unity.XR.Oculus.OculusLoader.AssetPathToAbsolutePath (System.String assetPath) [0x00048] in C:\Users\wvher\AppData\Local\Temp\2f6c74fef69cc924b8d65aca5762d706\Library\PackageCache\com.unity.xr.oculus@1.6.1\Runtime\OculusLoader.cs:242 
  at Unity.XR.Oculus.OculusLoader.EditorLoadOVRPlugin () [0x0007b] in C:\Users\wvher\AppData\Local\Temp\2f6c74fef69cc924b8d65aca5762d706\Library\PackageCache\com.unity.xr.oculus@1.6.1\Runtime\OculusLoader.cs:227 

(Filename: C:/Users/wvher/AppData/Local/Temp/2f6c74fef69cc924b8d65aca5762d706/Library/PackageCache/com.unity.xr.oculus@1.6.1/Runtime/OculusLoader.cs Line: 242)

Mono: successfully reloaded assembly
- Completed reload, in  1.381 seconds
Platform modules already initialized, skipping
Shader 'Universal Render Pipeline/Particles/Lit': fallback shader 'Universal Render Pipeline/Particles/SimpleLit' not found
Refreshing native plugins compatible for Editor in 0.79 ms, found 3 plugins.
Preloading 1 native plugins for Editor in 0.08 ms.
Unloading 3026 Unused Serialized files (Serialized files now loaded: 0)
System memory in use before: 129.8 MB.
System memory in use after: 130.1 MB.

Unloading 7 unused Assets to reduce memory usage. Loaded Objects now: 3599.
Total: 3.878900 ms (FindLiveObjects: 0.434600 ms CreateObjectMapping: 0.225400 ms MarkObjects: 3.179400 ms  DeleteObjects: 0.038200 ms)

========================================================================
Received Import Request.
  Time since last request: 491.060077 seconds.
  path: Assets/VR Beginner/Prefabs/System
  artifactKey: Guid(7268a82bd36b6f94b8ce9d4b42c502c5) Importer(815301076,1909f56bfc062723c751e8b465ee728b)
Start importing Assets/VR Beginner/Prefabs/System using Guid(7268a82bd36b6f94b8ce9d4b42c502c5) Importer(815301076,1909f56bfc062723c751e8b465ee728b)  -> (artifact id: '95649f8dd323a6705e7eb5e034bc2e3e') in 0.036105 seconds
  Import took 0.082145 seconds .

========================================================================
Received Import Request.
  Time since last request: 5.550377 seconds.
  path: Assets/VR Beginner/Prefabs/PrototypeScene
  artifactKey: Guid(aa795e2d6f187c44b9e23530ffc755bd) Importer(815301076,1909f56bfc062723c751e8b465ee728b)
Start importing Assets/VR Beginner/Prefabs/PrototypeScene using Guid(aa795e2d6f187c44b9e23530ffc755bd) Importer(815301076,1909f56bfc062723c751e8b465ee728b)  -> (artifact id: 'd14e781818a26cbb24edb3aebb105fd1') in 0.049035 seconds
  Import took 0.118367 seconds .

========================================================================
Received Import Request.
  Time since last request: 6.372193 seconds.
  path: Assets/VR Beginner/Prefabs/UI
  artifactKey: Guid(ee7852e3d50d7e245a84ec2bc23b3bd3) Importer(815301076,1909f56bfc062723c751e8b465ee728b)
Start importing Assets/VR Beginner/Prefabs/UI using Guid(ee7852e3d50d7e245a84ec2bc23b3bd3) Importer(815301076,1909f56bfc062723c751e8b465ee728b)  -> (artifact id: 'e765315b343ef091a76186fff8b78745') in 0.055753 seconds
  Import took 0.079427 seconds .

========================================================================
Received Import Request.
  Time since last request: 4.414236 seconds.
  path: Assets/VR Beginner/Prefabs/Stations
  artifactKey: Guid(e600fe4624bf1024395d5d18743fa65a) Importer(815301076,1909f56bfc062723c751e8b465ee728b)
Start importing Assets/VR Beginner/Prefabs/Stations using Guid(e600fe4624bf1024395d5d18743fa65a) Importer(815301076,1909f56bfc062723c751e8b465ee728b)  -> (artifact id: 'b4332d825530db213a6923c0eaf9a5ff') in 0.035272 seconds
  Import took 0.095728 seconds .

========================================================================
Received Import Request.
  Time since last request: 13.349694 seconds.
  path: Assets/VR Beginner/Models
  artifactKey: Guid(56a49e5dd9671cd469f0e0f139b6c9d9) Importer(815301076,1909f56bfc062723c751e8b465ee728b)
Start importing Assets/VR Beginner/Models using Guid(56a49e5dd9671cd469f0e0f139b6c9d9) Importer(815301076,1909f56bfc062723c751e8b465ee728b)  -> (artifact id: 'e55902a55450cc964f684f2c96764b0c') in 0.040972 seconds
  Import took 0.070689 seconds .

========================================================================
Received Import Request.
  Time since last request: 31.843964 seconds.
  path: Assets/VR Beginner/Prefabs
  artifactKey: Guid(4e7f690001c11254797d08696ea41c86) Importer(815301076,1909f56bfc062723c751e8b465ee728b)
Start importing Assets/VR Beginner/Prefabs using Guid(4e7f690001c11254797d08696ea41c86) Importer(815301076,1909f56bfc062723c751e8b465ee728b)  -> (artifact id: '071b5988a5796cab253fec81a0e99ab4') in 0.065433 seconds
  Import took 0.112038 seconds .

========================================================================
Received Import Request.
  Time since last request: 1.856075 seconds.
  path: Assets/VR Beginner/Prefabs/Tutorial
  artifactKey: Guid(7693b3503fdd20a439ab0007bc76cb0b) Importer(815301076,1909f56bfc062723c751e8b465ee728b)
Start importing Assets/VR Beginner/Prefabs/Tutorial using Guid(7693b3503fdd20a439ab0007bc76cb0b) Importer(815301076,1909f56bfc062723c751e8b465ee728b)  -> (artifact id: '937872ce9301585d4220b478dd98f83c') in 0.040621 seconds
  Import took 0.077891 seconds .

========================================================================
Received Import Request.
  Time since last request: 138.646024 seconds.
  path: Assets/VR Beginner/VFX/Cauldron/CauldronBubbles.vfx
  artifactKey: Guid(e78d084f89fcb484f8d893f530aa7401) Importer(815301076,1909f56bfc062723c751e8b465ee728b)
Start importing Assets/VR Beginner/VFX/Cauldron/CauldronBubbles.vfx using Guid(e78d084f89fcb484f8d893f530aa7401) Importer(815301076,1909f56bfc062723c751e8b465ee728b)  -> (artifact id: 'fda8a27ab77ea1cda9af3c0e8bed42e6') in 0.203636 seconds
  Import took 0.228896 seconds .

========================================================================
Received Import Request.
  Time since last request: 0.000305 seconds.
  path: Assets/VR Beginner/VFX/Cauldron/CauldronSplash.vfx
  artifactKey: Guid(1105defcb56acf948bc9bcb11c2d159b) Importer(815301076,1909f56bfc062723c751e8b465ee728b)
Start importing Assets/VR Beginner/VFX/Cauldron/CauldronSplash.vfx using Guid(1105defcb56acf948bc9bcb11c2d159b) Importer(815301076,1909f56bfc062723c751e8b465ee728b)  -> (artifact id: 'b7f3841ed937376abdc504ea892754e4') in 0.052598 seconds
  Import took 0.077781 seconds .

========================================================================
Received Import Request.
  Time since last request: 96.151287 seconds.
  path: Assets/VR Beginner/Prefabs/Tutorial/TeleporterBase.prefab
  artifactKey: Guid(321c75abba1ac9940b4193b057edc132) Importer(815301076,1909f56bfc062723c751e8b465ee728b)
Start importing Assets/VR Beginner/Prefabs/Tutorial/TeleporterBase.prefab using Guid(321c75abba1ac9940b4193b057edc132) Importer(815301076,1909f56bfc062723c751e8b465ee728b)  -> (artifact id: '62f908914c80aa12942ed5be5c66df3f') in 0.474216 seconds
  Import took 0.508319 seconds .

========================================================================
Received Import Request.
  Time since last request: 0.000402 seconds.
  path: Assets/VR Beginner/VFX/Teleporter/TeleporterBeam.mat
  artifactKey: Guid(7bda26f245bb1c942b25d7f19f3e6d0f) Importer(815301076,1909f56bfc062723c751e8b465ee728b)
Start importing Assets/VR Beginner/VFX/Teleporter/TeleporterBeam.mat using Guid(7bda26f245bb1c942b25d7f19f3e6d0f) Importer(815301076,1909f56bfc062723c751e8b465ee728b)  -> (artifact id: 'b12e6455ad60eb85f375ee8ca335416a') in 0.572054 seconds
  Import took 0.605343 seconds .

========================================================================
Received Import Request.
  Time since last request: 0.000380 seconds.
  path: Assets/VR Beginner/VFX/Teleporter/TeleporterBeam.FBX
  artifactKey: Guid(ca3902aea3bd1c641970767996c30a95) Importer(815301076,1909f56bfc062723c751e8b465ee728b)
Start importing Assets/VR Beginner/VFX/Teleporter/TeleporterBeam.FBX using Guid(ca3902aea3bd1c641970767996c30a95) Importer(815301076,1909f56bfc062723c751e8b465ee728b)  -> (artifact id: '9691f30e60b53ff859007682ea34a129') in 0.919826 seconds
  Import took 0.934335 seconds .

========================================================================
Received Import Request.
  Time since last request: 0.000369 seconds.
  path: Assets/VR Beginner/VFX/Prototype/TeleporterQuad.mat
  artifactKey: Guid(349ca49b96534224caefd1b9cdf1694a) Importer(815301076,1909f56bfc062723c751e8b465ee728b)
Start importing Assets/VR Beginner/VFX/Prototype/TeleporterQuad.mat using Guid(349ca49b96534224caefd1b9cdf1694a) Importer(815301076,1909f56bfc062723c751e8b465ee728b)  -> (artifact id: '1a97cb067905899363bd23f93274d358') in 0.046503 seconds
  Import took 0.052952 seconds .

========================================================================
Received Import Request.
  Time since last request: 0.000326 seconds.
  path: Assets/VR Beginner/Prefabs/EscapeRoom/System/TeleporterPoint.prefab
  artifactKey: Guid(9d62e873ef8781a45865a8388d7f2e86) Importer(815301076,1909f56bfc062723c751e8b465ee728b)
Start importing Assets/VR Beginner/Prefabs/EscapeRoom/System/TeleporterPoint.prefab using Guid(9d62e873ef8781a45865a8388d7f2e86) Importer(815301076,1909f56bfc062723c751e8b465ee728b)  -> (artifact id: '9e3906ccbb96eb0317f92570c7924d75') in 1.542390 seconds
  Import took 1.569415 seconds .

========================================================================
Received Import Request.
  Time since last request: 0.000316 seconds.
  path: Assets/VR Beginner/VFX/Teleporter/TeleporterBeamGlyph.mat
  artifactKey: Guid(4bc8d5c0ab740ab4289fb8d171c18d35) Importer(815301076,1909f56bfc062723c751e8b465ee728b)
Start importing Assets/VR Beginner/VFX/Teleporter/TeleporterBeamGlyph.mat using Guid(4bc8d5c0ab740ab4289fb8d171c18d35) Importer(815301076,1909f56bfc062723c751e8b465ee728b)  -> (artifact id: 'c29ff12546133fe195b4268125b9c81f') in 0.036604 seconds
  Import took 0.066291 seconds .

========================================================================
Received Import Request.
  Time since last request: 0.000412 seconds.
  path: Assets/VR Beginner/Prefabs/EscapeRoom/System/TeleporterBeamFX.prefab
  artifactKey: Guid(5e6cbe37b1986fc4f81a1edc7f1f9dc0) Importer(815301076,1909f56bfc062723c751e8b465ee728b)
Start importing Assets/VR Beginner/Prefabs/EscapeRoom/System/TeleporterBeamFX.prefab using Guid(5e6cbe37b1986fc4f81a1edc7f1f9dc0) Importer(815301076,1909f56bfc062723c751e8b465ee728b)  -> (artifact id: '527b2a0acc93cef8de961cc8db25c233') in 0.041327 seconds
  Import took 0.077873 seconds .

========================================================================
Received Import Request.
  Time since last request: 0.000316 seconds.
  path: Assets/VR Beginner/VFX/Teleporter/TeleporterGlyph.mat
  artifactKey: Guid(bd3da505ae8a0b14f99978167f68918c) Importer(815301076,1909f56bfc062723c751e8b465ee728b)
Start importing Assets/VR Beginner/VFX/Teleporter/TeleporterGlyph.mat using Guid(bd3da505ae8a0b14f99978167f68918c) Importer(815301076,1909f56bfc062723c751e8b465ee728b)  -> (artifact id: '8cbb65e3b3ae3760867b29c4f2aefca8') in 0.044820 seconds
  Import took 0.063084 seconds .

========================================================================
Received Import Request.
  Time since last request: 175.868165 seconds.
  path: Assets/VR Beginner/Prefabs/PrototypeScene/Flashlight.prefab
  artifactKey: Guid(3219c13bf087a7e4f9756cc8c9207b27) Importer(815301076,1909f56bfc062723c751e8b465ee728b)
Start importing Assets/VR Beginner/Prefabs/PrototypeScene/Flashlight.prefab using Guid(3219c13bf087a7e4f9756cc8c9207b27) Importer(815301076,1909f56bfc062723c751e8b465ee728b)  -> (artifact id: '7c22085c2ba62f502f65b175568a757d') in 0.658500 seconds
  Import took 0.672758 seconds .

========================================================================
Received Import Request.
  Time since last request: 297.598564 seconds.
  path: Assets/CCDatabase.asset
  artifactKey: Guid(b42a87a10317f6149be5cb9d73be6649) Importer(815301076,1909f56bfc062723c751e8b465ee728b)
Start importing Assets/CCDatabase.asset using Guid(b42a87a10317f6149be5cb9d73be6649) Importer(815301076,1909f56bfc062723c751e8b465ee728b)  -> (artifact id: '26f7a5be7eed01c33fe8e9f86ce29e9c') in 0.036883 seconds
  Import took 0.042990 seconds .

========================================================================
Received Import Request.
  Time since last request: 30.253190 seconds.
  path: Assets/TutorialCCDatabase.asset
  artifactKey: Guid(b42a87a10317f6149be5cb9d73be6649) Importer(815301076,1909f56bfc062723c751e8b465ee728b)
Start importing Assets/TutorialCCDatabase.asset using Guid(b42a87a10317f6149be5cb9d73be6649) Importer(815301076,1909f56bfc062723c751e8b465ee728b)  -> (artifact id: '58985c846ce4c4317f9adb7eaf3a24fc') in 0.014273 seconds
  Import took 0.059854 seconds .

========================================================================
Received Import Request.
  Time since last request: 461.911134 seconds.
  path: Assets/VR Beginner/Audio/SFXImpactHeavy01.ogg
  artifactKey: Guid(e28c90b3e8525e24e8ffcc0a5e81f376) Importer(815301076,1909f56bfc062723c751e8b465ee728b)
Start importing Assets/VR Beginner/Audio/SFXImpactHeavy01.ogg using Guid(e28c90b3e8525e24e8ffcc0a5e81f376) Importer(815301076,1909f56bfc062723c751e8b465ee728b)  -> (artifact id: '50c6078e1ef595c617303b138b13784c') in 0.109475 seconds
  Import took 0.143916 seconds .

========================================================================
Received Prepare
Registering precompiled user dll's ...
Registered in 0.191984 seconds.
Begin MonoManager ReloadAssembly
Native extension for WindowsStandalone target not found
Refreshing native plugins compatible for Editor in 0.78 ms, found 3 plugins.
Preloading 1 native plugins for Editor in 0.07 ms.
Invoked RoslynAnalysisRunner static constructor.
RoslynAnalysisRunner will not be running.
RoslynAnalysisRunner has terminated.
NullReferenceException: Object reference not set to an instance of an object
  at Unity.XR.Oculus.OculusLoader.AssetPathToAbsolutePath (System.String assetPath) [0x00048] in C:\Users\wvher\AppData\Local\Temp\2f6c74fef69cc924b8d65aca5762d706\Library\PackageCache\com.unity.xr.oculus@1.6.1\Runtime\OculusLoader.cs:242 
  at Unity.XR.Oculus.OculusLoader.EditorLoadOVRPlugin () [0x0007b] in C:\Users\wvher\AppData\Local\Temp\2f6c74fef69cc924b8d65aca5762d706\Library\PackageCache\com.unity.xr.oculus@1.6.1\Runtime\OculusLoader.cs:227 

(Filename: C:/Users/wvher/AppData/Local/Temp/2f6c74fef69cc924b8d65aca5762d706/Library/PackageCache/com.unity.xr.oculus@1.6.1/Runtime/OculusLoader.cs Line: 242)

Mono: successfully reloaded assembly
- Completed reload, in  1.035 seconds
Platform modules already initialized, skipping
Shader 'Universal Render Pipeline/Particles/Lit': fallback shader 'Universal Render Pipeline/Particles/SimpleLit' not found
Refreshing native plugins compatible for Editor in 0.58 ms, found 3 plugins.
Preloading 1 native plugins for Editor in 0.06 ms.
Unloading 3031 Unused Serialized files (Serialized files now loaded: 0)
System memory in use before: 137.2 MB.
System memory in use after: 137.4 MB.

Unloading 7 unused Assets to reduce memory usage. Loaded Objects now: 3690.
Total: 4.090900 ms (FindLiveObjects: 0.757000 ms CreateObjectMapping: 0.304500 ms MarkObjects: 3.001400 ms  DeleteObjects: 0.026200 ms)

AssetImportWorkerClient::OnTransportError - code=2 error=End of file
